
> soumen-portfolio@1.0.0 build
> next build

 ⚠ `experimental.typedRoutes` has been moved to `typedRoutes`. Please update your next.config.mjs file accordingly.
   ▲ Next.js 15.5.2
   - Environments: .env.local
   - Experiments (use with caution):
     ✓ typedRoutes

   Creating an optimized production build ...
 ⚠ Attempted to load @next/swc-darwin-arm64, but an error occurred: dlopen(/Users/soumenroy/Documents/CV/Portfolio/soumen-portfolio-starter/node_modules/@next/swc-darwin-arm64/next-swc.darwin-arm64.node, 0x0001): tried: '/Users/soumenroy/Documents/CV/Portfolio/soumen-portfolio-starter/node_modules/@next/swc-darwin-arm64/next-swc.darwin-arm64.node' (slice is not valid mach-o file), '/System/Volumes/Preboot/Cryptexes/OS/Users/soumenroy/Documents/CV/Portfolio/soumen-portfolio-starter/node_modules/@next/swc-darwin-arm64/next-swc.darwin-arm64.node' (no such file), '/Users/soumenroy/Documents/CV/Portfolio/soumen-portfolio-starter/node_modules/@next/swc-darwin-arm64/next-swc.darwin-arm64.node' (slice is not valid mach-o file)
 ⚠ Attempted to load @next/swc-darwin-arm64, but an error occurred: dlopen(/Users/soumenroy/Documents/CV/Portfolio/soumen-portfolio-starter/node_modules/@next/swc-darwin-arm64/next-swc.darwin-arm64.node, 0x0001): tried: '/Users/soumenroy/Documents/CV/Portfolio/soumen-portfolio-starter/node_modules/@next/swc-darwin-arm64/next-swc.darwin-arm64.node' (slice is not valid mach-o file), '/System/Volumes/Preboot/Cryptexes/OS/Users/soumenroy/Documents/CV/Portfolio/soumen-portfolio-starter/node_modules/@next/swc-darwin-arm64/next-swc.darwin-arm64.node' (no such file), '/Users/soumenroy/Documents/CV/Portfolio/soumen-portfolio-starter/node_modules/@next/swc-darwin-arm64/next-swc.darwin-arm64.node' (slice is not valid mach-o file)
 ⚠ Attempted to load @next/swc-darwin-arm64, but an error occurred: dlopen(/Users/soumenroy/Documents/CV/Portfolio/soumen-portfolio-starter/node_modules/@next/swc-darwin-arm64/next-swc.darwin-arm64.node, 0x0001): tried: '/Users/soumenroy/Documents/CV/Portfolio/soumen-portfolio-starter/node_modules/@next/swc-darwin-arm64/next-swc.darwin-arm64.node' (slice is not valid mach-o file), '/System/Volumes/Preboot/Cryptexes/OS/Users/soumenroy/Documents/CV/Portfolio/soumen-portfolio-starter/node_modules/@next/swc-darwin-arm64/next-swc.darwin-arm64.node' (no such file), '/Users/soumenroy/Documents/CV/Portfolio/soumen-portfolio-starter/node_modules/@next/swc-darwin-arm64/next-swc.darwin-arm64.node' (slice is not valid mach-o file)
 ✓ Compiled successfully in 1410ms
   Linting and checking validity of types ...
   Collecting page data ...
 ⚠ Attempted to load @next/swc-darwin-arm64, but an error occurred: dlopen(/Users/soumenroy/Documents/CV/Portfolio/soumen-portfolio-starter/node_modules/@next/swc-darwin-arm64/next-swc.darwin-arm64.node, 0x0001): tried: '/Users/soumenroy/Documents/CV/Portfolio/soumen-portfolio-starter/node_modules/@next/swc-darwin-arm64/next-swc.darwin-arm64.node' (slice is not valid mach-o file), '/System/Volumes/Preboot/Cryptexes/OS/Users/soumenroy/Documents/CV/Portfolio/soumen-portfolio-starter/node_modules/@next/swc-darwin-arm64/next-swc.darwin-arm64.node' (no such file), '/Users/soumenroy/Documents/CV/Portfolio/soumen-portfolio-starter/node_modules/@next/swc-darwin-arm64/next-swc.darwin-arm64.node' (slice is not valid mach-o file)
   Generating static pages (0/22) ...
 ⚠ metadataBase property in metadata export is not set for resolving social open graph or twitter images, using "http://localhost:3000". See https://nextjs.org/docs/app/api-reference/functions/generate-metadata#metadatabase
   Generating static pages (5/22) 
Error occurred prerendering page "/". Read more: https://nextjs.org/docs/messages/prerender-error
Error: React.Children.only expected to receive a single React element child.
    at q (.next/server/chunks/951.js:1:11838) {
  digest: '2547162143'
}
Export encountered an error on /page: /, exiting the build.
 ⨯ Next.js build worker exited with code: 1 and signal: null
